21/01/2018 12:00:37	This log contains information about the import schema operation into project 'PhoneBookDB' on computer 'NISSIM' by user 'NISSIMOHAYON'.
21/01/2018 12:00:38	Import of database schema has started.
21/01/2018 12:00:47	Gathering database options
21/01/2018 12:00:47	Gathering users
21/01/2018 12:00:47	Gathering roles
21/01/2018 12:00:47	Gathering application roles
21/01/2018 12:00:47	Gathering role memberships
21/01/2018 12:00:47	Gathering filegroups
21/01/2018 12:00:47	Gathering full-text catalogs
21/01/2018 12:00:47	Gathering assemblies
21/01/2018 12:00:47	Gathering certificates
21/01/2018 12:00:47	Gathering asymmetric keys
21/01/2018 12:00:47	Gathering symmetric keys
21/01/2018 12:00:47	Gathering encrypted symmetric keys
21/01/2018 12:00:47	Gathering schemas
21/01/2018 12:00:47	Gathering XML schema collections
21/01/2018 12:00:47	Gathering user-defined data types
21/01/2018 12:00:47	Gathering user-defined types
21/01/2018 12:00:47	Gathering table types
21/01/2018 12:00:47	Gathering unique keys for table types
21/01/2018 12:00:47	Gathering primary keys for table types
21/01/2018 12:00:47	Gathering indexes for table types
21/01/2018 12:00:47	Gathering check constraints for table types
21/01/2018 12:00:47	Gathering default constraints for table types
21/01/2018 12:00:47	Gathering partition functions
21/01/2018 12:00:47	Gathering partition schemes
21/01/2018 12:00:47	Gathering functions
21/01/2018 12:00:47	Gathering encrypted functions
21/01/2018 12:00:47	Gathering aggregates
21/01/2018 12:00:47	Gathering procedures
21/01/2018 12:00:47	Gathering encrypted procedures
21/01/2018 12:00:47	Gathering tables
21/01/2018 12:00:47	Gathering primary keys
21/01/2018 12:00:47	Gathering unique constraints
21/01/2018 12:00:47	Gathering foreign keys
21/01/2018 12:00:47	Gathering default constraints
21/01/2018 12:00:47	Gathering check constraints
21/01/2018 12:00:47	Gathering views
21/01/2018 12:00:47	Gathering encrypted views
21/01/2018 12:00:47	Gathering indexes
21/01/2018 12:00:47	Gathering statistics
21/01/2018 12:00:47	Gathering full-text index stoplists
21/01/2018 12:00:47	Gathering search property lists
21/01/2018 12:00:47	Gathering search properties
21/01/2018 12:00:47	Gathering full-text indexes
21/01/2018 12:00:47	Gathering column store indexes
21/01/2018 12:00:47	Gathering spatial indexes
21/01/2018 12:00:47	Gathering XML indexes
21/01/2018 12:00:47	Gathering Selective XML indexes
21/01/2018 12:00:47	Gathering encrypted triggers
21/01/2018 12:00:47	Gathering triggers
21/01/2018 12:00:47	Gathering encrypted and clr ddl triggers
21/01/2018 12:00:47	Gathering ddl triggers
21/01/2018 12:00:47	Gathering synonyms
21/01/2018 12:00:47	Gathering defaults
21/01/2018 12:00:47	Gathering data constraint uddt bindings
21/01/2018 12:00:47	Gathering rules
21/01/2018 12:00:47	Gathering data constraint uddt bindings
21/01/2018 12:00:47	Gathering message types
21/01/2018 12:00:47	Gathering queues
21/01/2018 12:00:47	Gathering contracts
21/01/2018 12:00:47	Gathering services
21/01/2018 12:00:47	Gathering event notifications
21/01/2018 12:00:47	Gathering remote service bindings
21/01/2018 12:00:47	Gathering broker priorities
21/01/2018 12:00:47	Gathering signatures
21/01/2018 12:00:47	Gathering data compression options
21/01/2018 12:00:47	Gathering sequence types
21/01/2018 12:00:47	Gathering security policies
21/01/2018 12:00:47	Gather column encryption keys
21/01/2018 12:00:47	Gathering column master keys
21/01/2018 12:00:47	Gathering external data sources
21/01/2018 12:00:47	Gathering external file formats
21/01/2018 12:00:47	Gathering external tables
21/01/2018 12:00:47	Gathering extended properties
21/01/2018 12:00:47	Gathering credentials
21/01/2018 12:00:47	Gathering logins
21/01/2018 12:00:47	Gathering server audits
21/01/2018 12:00:49	Scanning project for duplicate elements
21/01/2018 12:00:49	Finished duplicate element processing
21/01/2018 12:00:49	Finished importing database.
21/01/2018 12:00:49	A summary of the import was saved to the following location: C:\Users\NISSIMOHAYON\Documents\Proggreming\wpf\PhoneBook\PhoneBookDB\Import Schema Logs\PhoneBookDB_20180121100037.log
21/01/2018 12:00:49	Click Finish to continue...
